<?xml version="1.0" encoding="UTF-8"?>
<!-- Generated by org.testng.reporters.JUnitXMLReporter -->
<testsuite hostname="DESKTOP-0MAMV1O" ignored="1" name="Default test" tests="3" failures="0" timestamp="28 Jan 2023 10:50:10 GMT" time="0.058" errors="0">
  <testcase name="gmailInBoxTest" time="0.007" classname="com.TestNG.Annotations3"/>
  <testcase name="gmailComposemailTest" time="0.001" classname="com.TestNG.Annotations3"/>
  <testcase name="gmailDraftTest" time="0.002" classname="com.TestNG.Annotations3"/>
  <testcase name="gmailsentmailTest" time="0.0" classname="com.TestNG.Annotations3">
    <ignored/>
  </testcase> <!-- gmailsentmailTest -->
</testsuite> <!-- Default test -->
